[0812/132025:ERROR:browser_gpu_channel_host_factory.cc(119)] Failed to launch GPU process.
[0812/132150:ERROR:browser_gpu_channel_host_factory.cc(119)] Failed to launch GPU process.
[0812/132254:ERROR:browser_gpu_channel_host_factory.cc(119)] Failed to launch GPU process.
[0812/132403:ERROR:browser_gpu_channel_host_factory.cc(119)] Failed to launch GPU process.
[0812/132459:ERROR:browser_gpu_channel_host_factory.cc(119)] Failed to launch GPU process.
[0812/132558:ERROR:browser_gpu_channel_host_factory.cc(119)] Failed to launch GPU process.
[0812/132734:ERROR:browser_gpu_channel_host_factory.cc(119)] Failed to launch GPU process.
[0812/135718:ERROR:browser_gpu_channel_host_factory.cc(119)] Failed to launch GPU process.
[0812/140027:FATAL:v8_initializer.cc(175)] Failed to open V8 file 'C:\Users\beroi\OneDrive\Documents\Visual Studio 2013\Projects\CameraProject\CameraProject\bin\Debug\natives_blob.bin' (reason: -4)
[0812/140047:FATAL:v8_initializer.cc(175)] Failed to open V8 file 'C:\Users\beroi\OneDrive\Documents\Visual Studio 2013\Projects\CameraProject\CameraProject\bin\Debug\natives_blob.bin' (reason: -4)
[0812/140052:FATAL:v8_initializer.cc(175)] Failed to open V8 file 'C:\Users\beroi\OneDrive\Documents\Visual Studio 2013\Projects\CameraProject\CameraProject\bin\Debug\natives_blob.bin' (reason: -4)
[0812/140116:ERROR:main_delegate.cc(766)] Could not load cef_extensions.pak
[0812/140116:ERROR:main_delegate.cc(766)] Could not load cef_extensions.pak
[0812/140116:ERROR:main_delegate.cc(766)] Could not load cef_extensions.pak
[0812/140159:ERROR:main_delegate.cc(766)] Could not load cef_extensions.pak
[0812/140159:ERROR:main_delegate.cc(766)] Could not load cef_extensions.pak
[0812/140159:ERROR:main_delegate.cc(766)] Could not load cef_extensions.pak
[0812/140230:ERROR:main_delegate.cc(766)] Could not load cef_extensions.pak
[0812/140230:ERROR:main_delegate.cc(766)] Could not load cef_extensions.pak
[0812/140230:ERROR:main_delegate.cc(766)] Could not load cef_extensions.pak
[0812/140348:ERROR:main_delegate.cc(766)] Could not load cef_extensions.pak
[0812/140348:ERROR:main_delegate.cc(766)] Could not load cef_extensions.pak
[0812/140349:ERROR:main_delegate.cc(766)] Could not load cef_extensions.pak
[0812/140450:ERROR:main_delegate.cc(766)] Could not load cef_extensions.pak
[0812/140450:ERROR:main_delegate.cc(766)] Could not load cef_extensions.pak
[0812/140450:ERROR:main_delegate.cc(766)] Could not load cef_extensions.pak
[0812/140947:ERROR:main_delegate.cc(766)] Could not load cef_extensions.pak
[0812/140947:ERROR:main_delegate.cc(766)] Could not load cef_extensions.pak
[0812/140947:ERROR:main_delegate.cc(766)] Could not load cef_extensions.pak
[0812/141044:ERROR:main_delegate.cc(766)] Could not load cef_extensions.pak
[0812/141044:ERROR:main_delegate.cc(766)] Could not load cef_extensions.pak
[0812/141044:ERROR:main_delegate.cc(766)] Could not load cef_extensions.pak
[0812/141216:ERROR:main_delegate.cc(766)] Could not load cef_extensions.pak
[0812/141216:ERROR:main_delegate.cc(766)] Could not load cef_extensions.pak
[0812/141216:ERROR:main_delegate.cc(766)] Could not load cef_extensions.pak
[0812/141256:ERROR:main_delegate.cc(766)] Could not load cef_extensions.pak
[0812/141256:ERROR:main_delegate.cc(766)] Could not load cef_extensions.pak
[0812/141256:ERROR:main_delegate.cc(766)] Could not load cef_extensions.pak
[0812/141257:WARNING:backend_impl.cc(1593)] Messed up entry found.
[0812/141257:WARNING:backend_impl.cc(1807)] Destroying invalid entry.
[0812/141341:ERROR:main_delegate.cc(766)] Could not load cef_extensions.pak
[0812/141341:ERROR:main_delegate.cc(766)] Could not load cef_extensions.pak
[0812/141411:ERROR:main_delegate.cc(766)] Could not load cef_extensions.pak
[0812/141411:ERROR:main_delegate.cc(766)] Could not load cef_extensions.pak
[0812/141413:ERROR:main_delegate.cc(766)] Could not load cef_extensions.pak
[0812/141413:ERROR:backend_impl.cc(2030)] Invalid cache (current) size
[0812/141413:ERROR:cache_util_win.cc(20)] Unable to move the cache: 5
[0812/141413:ERROR:cache_util.cc(134)] Unable to move cache folder Cache to old_Cache_000
[0812/141413:ERROR:cache_creator.cc(129)] Unable to create cache
[0812/141416:ERROR:main_delegate.cc(766)] Could not load cef_extensions.pak
[0812/141422:ERROR:main_delegate.cc(766)] Could not load cef_extensions.pak
[0812/141547:ERROR:main_delegate.cc(766)] Could not load cef_extensions.pak
[0812/141547:ERROR:main_delegate.cc(766)] Could not load cef_extensions.pak
[0812/141619:ERROR:main_delegate.cc(766)] Could not load cef_extensions.pak
[0812/141619:ERROR:main_delegate.cc(766)] Could not load cef_extensions.pak
[0812/141639:ERROR:main_delegate.cc(766)] Could not load cef_extensions.pak
[0812/141639:ERROR:backend_impl.cc(2030)] Invalid cache (current) size
[0812/141639:ERROR:cache_util_win.cc(20)] Unable to move the cache: 5
[0812/141639:ERROR:cache_util.cc(134)] Unable to move cache folder Cache to old_Cache_000
[0812/141639:ERROR:cache_creator.cc(129)] Unable to create cache
[0812/141856:ERROR:main_delegate.cc(766)] Could not load cef_extensions.pak
[0812/141856:ERROR:main_delegate.cc(766)] Could not load cef_extensions.pak
[0812/195841:ERROR:main_delegate.cc(766)] Could not load cef_extensions.pak
[0812/195841:ERROR:main_delegate.cc(766)] Could not load cef_extensions.pak
[0812/195843:ERROR:main_delegate.cc(766)] Could not load cef_extensions.pak
[0812/195843:ERROR:backend_impl.cc(2030)] Invalid cache (current) size
[0812/195843:ERROR:cache_util_win.cc(20)] Unable to move the cache: 5
[0812/195843:ERROR:cache_util.cc(134)] Unable to move cache folder Cache to old_Cache_000
[0812/195843:ERROR:cache_creator.cc(129)] Unable to create cache
[0812/200313:ERROR:main_delegate.cc(766)] Could not load cef_extensions.pak
[0812/200313:ERROR:main_delegate.cc(766)] Could not load cef_extensions.pak
[0812/200314:ERROR:main_delegate.cc(766)] Could not load cef_extensions.pak
[0812/200314:ERROR:backend_impl.cc(2030)] Invalid cache (current) size
[0812/200314:ERROR:cache_util_win.cc(20)] Unable to move the cache: 5
[0812/200314:ERROR:cache_util.cc(134)] Unable to move cache folder Cache to old_Cache_000
[0812/200314:ERROR:cache_creator.cc(129)] Unable to create cache
[0813/192240:ERROR:main_delegate.cc(766)] Could not load cef_extensions.pak
[0813/192240:ERROR:main_delegate.cc(766)] Could not load cef_extensions.pak
[0813/192305:ERROR:main_delegate.cc(766)] Could not load cef_extensions.pak
[0813/192305:ERROR:main_delegate.cc(766)] Could not load cef_extensions.pak
[0813/192842:ERROR:main_delegate.cc(766)] Could not load cef_extensions.pak
[0813/192843:ERROR:main_delegate.cc(766)] Could not load cef_extensions.pak
[0813/193243:ERROR:main_delegate.cc(766)] Could not load cef_extensions.pak
[0813/193243:ERROR:main_delegate.cc(766)] Could not load cef_extensions.pak
[0813/194022:ERROR:main_delegate.cc(766)] Could not load cef_extensions.pak
[0813/194022:ERROR:main_delegate.cc(766)] Could not load cef_extensions.pak
[0813/195633:ERROR:main_delegate.cc(766)] Could not load cef_extensions.pak
[0813/195633:ERROR:main_delegate.cc(766)] Could not load cef_extensions.pak
[0813/195853:ERROR:main_delegate.cc(766)] Could not load cef_extensions.pak
[0813/195854:ERROR:main_delegate.cc(766)] Could not load cef_extensions.pak
[0813/195917:ERROR:main_delegate.cc(766)] Could not load cef_extensions.pak
[0813/195917:ERROR:main_delegate.cc(766)] Could not load cef_extensions.pak
[0813/195957:ERROR:main_delegate.cc(766)] Could not load cef_extensions.pak
[0813/195957:ERROR:main_delegate.cc(766)] Could not load cef_extensions.pak
[0813/200137:ERROR:main_delegate.cc(766)] Could not load cef_extensions.pak
[0813/200255:ERROR:main_delegate.cc(766)] Could not load cef_extensions.pak
[0813/201330:ERROR:main_delegate.cc(766)] Could not load cef_extensions.pak
[0813/201430:ERROR:main_delegate.cc(766)] Could not load cef_extensions.pak
[0813/201624:ERROR:main_delegate.cc(766)] Could not load cef_extensions.pak
[0813/201659:ERROR:main_delegate.cc(766)] Could not load cef_extensions.pak
[0813/202202:ERROR:main_delegate.cc(766)] Could not load cef_extensions.pak
[0813/202210:ERROR:main_delegate.cc(766)] Could not load cef_extensions.pak
[0813/202918:ERROR:main_delegate.cc(766)] Could not load cef_extensions.pak
[0813/203518:ERROR:main_delegate.cc(766)] Could not load cef_extensions.pak
[0813/203807:ERROR:main_delegate.cc(766)] Could not load cef_extensions.pak
[0813/204114:ERROR:main_delegate.cc(766)] Could not load cef_extensions.pak
[0813/204401:ERROR:main_delegate.cc(766)] Could not load cef_extensions.pak
[0813/204748:ERROR:main_delegate.cc(766)] Could not load cef_extensions.pak
[0813/204750:ERROR:browser_gpu_channel_host_factory.cc(119)] Failed to launch GPU process.
[0813/204932:ERROR:main_delegate.cc(766)] Could not load cef_extensions.pak
[0813/205146:ERROR:main_delegate.cc(766)] Could not load cef_extensions.pak
[0813/205149:ERROR:browser_gpu_channel_host_factory.cc(119)] Failed to launch GPU process.
[0813/205246:ERROR:main_delegate.cc(766)] Could not load cef_extensions.pak
[0813/205432:ERROR:main_delegate.cc(766)] Could not load cef_extensions.pak
[0813/205434:ERROR:browser_gpu_channel_host_factory.cc(119)] Failed to launch GPU process.
[1106/200406:ERROR:main_delegate.cc(766)] Could not load cef_extensions.pak
[1106/201210:ERROR:main_delegate.cc(766)] Could not load cef_extensions.pak
[1106/201408:ERROR:main_delegate.cc(766)] Could not load cef_extensions.pak
[1106/201535:ERROR:main_delegate.cc(766)] Could not load cef_extensions.pak
[1109/172417:ERROR:main_delegate.cc(766)] Could not load cef_extensions.pak
[1109/173116:ERROR:main_delegate.cc(766)] Could not load cef_extensions.pak
[1109/173315:ERROR:main_delegate.cc(766)] Could not load cef_extensions.pak
[1109/173832:ERROR:main_delegate.cc(766)] Could not load cef_extensions.pak
[1109/174249:ERROR:main_delegate.cc(766)] Could not load cef_extensions.pak
[1109/174903:ERROR:main_delegate.cc(766)] Could not load cef_extensions.pak
[1109/174905:ERROR:browser_gpu_channel_host_factory.cc(119)] Failed to launch GPU process.
[1109/174932:ERROR:main_delegate.cc(766)] Could not load cef_extensions.pak
[1109/174933:ERROR:browser_gpu_channel_host_factory.cc(119)] Failed to launch GPU process.
[1109/175142:ERROR:main_delegate.cc(766)] Could not load cef_extensions.pak
[1109/175151:ERROR:main_delegate.cc(766)] Could not load cef_extensions.pak
[1109/180457:ERROR:main_delegate.cc(766)] Could not load cef_extensions.pak
[1109/181154:ERROR:main_delegate.cc(766)] Could not load cef_extensions.pak
[1109/182036:ERROR:main_delegate.cc(766)] Could not load cef_extensions.pak
[1109/182613:ERROR:main_delegate.cc(766)] Could not load cef_extensions.pak
[1109/183115:ERROR:main_delegate.cc(766)] Could not load cef_extensions.pak
[1109/183548:ERROR:main_delegate.cc(766)] Could not load cef_extensions.pak
[1109/183703:ERROR:main_delegate.cc(766)] Could not load cef_extensions.pak
[1109/183943:ERROR:main_delegate.cc(766)] Could not load cef_extensions.pak
[1109/184410:ERROR:main_delegate.cc(766)] Could not load cef_extensions.pak
[1109/184503:ERROR:main_delegate.cc(766)] Could not load cef_extensions.pak
[1109/185030:ERROR:main_delegate.cc(766)] Could not load cef_extensions.pak
[1109/185055:ERROR:main_delegate.cc(766)] Could not load cef_extensions.pak
[1109/185212:ERROR:main_delegate.cc(766)] Could not load cef_extensions.pak
[1109/185258:ERROR:main_delegate.cc(766)] Could not load cef_extensions.pak
[1109/185329:ERROR:main_delegate.cc(766)] Could not load cef_extensions.pak
[1109/185805:ERROR:main_delegate.cc(766)] Could not load cef_extensions.pak
[1109/190411:ERROR:main_delegate.cc(766)] Could not load cef_extensions.pak
[1109/190453:ERROR:main_delegate.cc(766)] Could not load cef_extensions.pak
[1109/191305:ERROR:main_delegate.cc(766)] Could not load cef_extensions.pak
[1109/201737:ERROR:main_delegate.cc(766)] Could not load cef_extensions.pak
[1109/202102:ERROR:main_delegate.cc(766)] Could not load cef_extensions.pak
[1109/202447:ERROR:main_delegate.cc(766)] Could not load cef_extensions.pak
[1109/204240:ERROR:main_delegate.cc(766)] Could not load cef_extensions.pak
[1109/204436:ERROR:main_delegate.cc(766)] Could not load cef_extensions.pak
[1109/204713:ERROR:main_delegate.cc(766)] Could not load cef_extensions.pak
[1109/204713:ERROR:main_delegate.cc(766)] Could not load cef_extensions.pak
[1109/204717:ERROR:main_delegate.cc(766)] Could not load cef_extensions.pak
[1109/204717:ERROR:backend_impl.cc(2030)] Invalid cache (current) size
[1109/204717:ERROR:cache_util_win.cc(20)] Unable to move the cache: 5
[1109/204717:ERROR:cache_util.cc(134)] Unable to move cache folder Cache to old_Cache_000
[1109/204717:ERROR:cache_creator.cc(129)] Unable to create cache
[1109/204719:INFO:CONSOLE(0)] "Unrecognized Content-Security-Policy directive 'worker-src'.
", source: https://consent.google.com/intro/?continue=https://www.google.com/?gws_rd%3Dssl&origin=https://www.google.com&if=1&gl=BG&hl=bg&pc=s (0)
[1109/204719:INFO:CONSOLE(0)] "Unrecognized Content-Security-Policy directive 'worker-src'.
", source: https://consent.google.com/intro/?continue=https://www.google.com/?gws_rd%3Dssl&origin=https://www.google.com&if=1&gl=BG&hl=bg&pc=s (0)
[1109/204830:ERROR:main_delegate.cc(766)] Could not load cef_extensions.pak
[1109/204830:ERROR:main_delegate.cc(766)] Could not load cef_extensions.pak
[1109/204832:ERROR:main_delegate.cc(766)] Could not load cef_extensions.pak
[1109/204832:ERROR:backend_impl.cc(2030)] Invalid cache (current) size
[1109/204832:ERROR:cache_util_win.cc(20)] Unable to move the cache: 5
[1109/204832:ERROR:cache_util.cc(134)] Unable to move cache folder Cache to old_Cache_000
[1109/204832:ERROR:cache_creator.cc(129)] Unable to create cache
[1109/204834:INFO:CONSOLE(0)] "Unrecognized Content-Security-Policy directive 'worker-src'.
", source: https://consent.google.com/intro/?continue=https://www.google.com/?gws_rd%3Dssl&origin=https://www.google.com&if=1&gl=BG&hl=bg&pc=s (0)
[1109/204835:INFO:CONSOLE(0)] "Unrecognized Content-Security-Policy directive 'worker-src'.
", source: https://consent.google.com/intro/?continue=https://www.google.com/?gws_rd%3Dssl&origin=https://www.google.com&if=1&gl=BG&hl=bg&pc=s (0)
[1109/204938:ERROR:main_delegate.cc(766)] Could not load cef_extensions.pak
[1109/204938:ERROR:main_delegate.cc(766)] Could not load cef_extensions.pak
[1109/204941:ERROR:main_delegate.cc(766)] Could not load cef_extensions.pak
[1109/204941:ERROR:backend_impl.cc(2030)] Invalid cache (current) size
[1109/204941:ERROR:cache_util_win.cc(20)] Unable to move the cache: 5
[1109/204941:ERROR:cache_util.cc(134)] Unable to move cache folder Cache to old_Cache_000
[1109/204941:ERROR:cache_creator.cc(129)] Unable to create cache
[1109/204943:INFO:CONSOLE(0)] "Unrecognized Content-Security-Policy directive 'worker-src'.
", source: https://consent.google.com/intro/?continue=https://www.google.com/?gws_rd%3Dssl&origin=https://www.google.com&if=1&gl=BG&hl=bg&pc=s (0)
[1109/204948:INFO:CONSOLE(0)] "Unrecognized Content-Security-Policy directive 'worker-src'.
", source: https://consent.google.com/done1?continue=https://www.google.com/?gws_rd%3Dssl&origin=https://www.google.com&gl=BG&pc=s (0)
[1109/210107:ERROR:main_delegate.cc(766)] Could not load cef_extensions.pak
[1109/210107:ERROR:main_delegate.cc(766)] Could not load cef_extensions.pak
[1109/210109:ERROR:main_delegate.cc(766)] Could not load cef_extensions.pak
[1109/210109:ERROR:backend_impl.cc(2030)] Invalid cache (current) size
[1109/210109:ERROR:cache_util_win.cc(20)] Unable to move the cache: 5
[1109/210109:ERROR:cache_util.cc(134)] Unable to move cache folder Cache to old_Cache_000
[1109/210109:ERROR:cache_creator.cc(129)] Unable to create cache
[1109/210315:ERROR:main_delegate.cc(766)] Could not load cef_extensions.pak
[1109/210728:ERROR:main_delegate.cc(766)] Could not load cef_extensions.pak
[1109/210729:ERROR:main_delegate.cc(766)] Could not load cef_extensions.pak
[1109/210732:ERROR:main_delegate.cc(766)] Could not load cef_extensions.pak
[1109/210732:ERROR:backend_impl.cc(2030)] Invalid cache (current) size
[1109/210732:ERROR:cache_util_win.cc(20)] Unable to move the cache: 5
[1109/210732:ERROR:cache_util.cc(134)] Unable to move cache folder Cache to old_Cache_000
[1109/210732:ERROR:cache_creator.cc(129)] Unable to create cache
[1109/210800:ERROR:main_delegate.cc(766)] Could not load cef_extensions.pak
[1109/210800:ERROR:main_delegate.cc(766)] Could not load cef_extensions.pak
[1109/210802:ERROR:main_delegate.cc(766)] Could not load cef_extensions.pak
[1109/210802:ERROR:backend_impl.cc(2030)] Invalid cache (current) size
[1109/210802:ERROR:cache_util_win.cc(20)] Unable to move the cache: 5
[1109/210802:ERROR:cache_util.cc(134)] Unable to move cache folder Cache to old_Cache_000
[1109/210802:ERROR:cache_creator.cc(129)] Unable to create cache
[1109/210850:ERROR:main_delegate.cc(766)] Could not load cef_extensions.pak
[1109/210850:ERROR:main_delegate.cc(766)] Could not load cef_extensions.pak
[1109/210852:ERROR:main_delegate.cc(766)] Could not load cef_extensions.pak
[1109/210852:ERROR:backend_impl.cc(2030)] Invalid cache (current) size
[1109/210852:ERROR:cache_util_win.cc(20)] Unable to move the cache: 5
[1109/210852:ERROR:cache_util.cc(134)] Unable to move cache folder Cache to old_Cache_000
[1109/210852:ERROR:cache_creator.cc(129)] Unable to create cache
[1109/210930:ERROR:main_delegate.cc(766)] Could not load cef_extensions.pak
[1109/210930:ERROR:main_delegate.cc(766)] Could not load cef_extensions.pak
[1109/210932:ERROR:main_delegate.cc(766)] Could not load cef_extensions.pak
[1109/210932:ERROR:backend_impl.cc(2030)] Invalid cache (current) size
[1109/210932:ERROR:cache_util_win.cc(20)] Unable to move the cache: 5
[1109/210932:ERROR:cache_util.cc(134)] Unable to move cache folder Cache to old_Cache_000
[1109/210932:ERROR:cache_creator.cc(129)] Unable to create cache
[1109/211007:ERROR:main_delegate.cc(766)] Could not load cef_extensions.pak
[1109/211007:ERROR:main_delegate.cc(766)] Could not load cef_extensions.pak
[1109/211008:ERROR:main_delegate.cc(766)] Could not load cef_extensions.pak
[1109/211008:ERROR:backend_impl.cc(2030)] Invalid cache (current) size
[1109/211008:ERROR:cache_util_win.cc(20)] Unable to move the cache: 5
[1109/211008:ERROR:cache_util.cc(134)] Unable to move cache folder Cache to old_Cache_000
[1109/211008:ERROR:cache_creator.cc(129)] Unable to create cache
[1109/211027:ERROR:main_delegate.cc(766)] Could not load cef_extensions.pak
[1109/211028:ERROR:main_delegate.cc(766)] Could not load cef_extensions.pak
[1109/211029:ERROR:main_delegate.cc(766)] Could not load cef_extensions.pak
[1109/211031:ERROR:main_delegate.cc(766)] Could not load cef_extensions.pak
[1109/211035:ERROR:main_delegate.cc(766)] Could not load cef_extensions.pak
[1109/211036:ERROR:main_delegate.cc(766)] Could not load cef_extensions.pak
[1109/211040:ERROR:main_delegate.cc(766)] Could not load cef_extensions.pak
[1109/211051:ERROR:main_delegate.cc(766)] Could not load cef_extensions.pak
[1109/211056:ERROR:main_delegate.cc(766)] Could not load cef_extensions.pak
[1109/211056:ERROR:main_delegate.cc(766)] Could not load cef_extensions.pak
[1109/211058:ERROR:main_delegate.cc(766)] Could not load cef_extensions.pak
[1109/211058:ERROR:backend_impl.cc(2030)] Invalid cache (current) size
[1109/211058:ERROR:cache_util_win.cc(20)] Unable to move the cache: 5
[1109/211058:ERROR:cache_util.cc(134)] Unable to move cache folder Cache to old_Cache_000
[1109/211058:ERROR:cache_creator.cc(129)] Unable to create cache
[1109/211125:ERROR:main_delegate.cc(766)] Could not load cef_extensions.pak
[1109/211617:ERROR:main_delegate.cc(766)] Could not load cef_extensions.pak
[1109/211618:ERROR:main_delegate.cc(766)] Could not load cef_extensions.pak
[1109/211757:ERROR:main_delegate.cc(766)] Could not load cef_extensions.pak
[1109/211757:ERROR:main_delegate.cc(766)] Could not load cef_extensions.pak
[1109/211811:ERROR:main_delegate.cc(766)] Could not load cef_extensions.pak
[1109/211811:ERROR:backend_impl.cc(2030)] Invalid cache (current) size
[1109/211811:ERROR:cache_util_win.cc(20)] Unable to move the cache: 5
[1109/211811:ERROR:cache_util.cc(134)] Unable to move cache folder Cache to old_Cache_000
[1109/211811:ERROR:cache_creator.cc(129)] Unable to create cache
[1109/213134:ERROR:main_delegate.cc(766)] Could not load cef_extensions.pak
[1109/213134:ERROR:main_delegate.cc(766)] Could not load cef_extensions.pak
[1109/213520:ERROR:main_delegate.cc(766)] Could not load cef_extensions.pak
[1109/213521:ERROR:main_delegate.cc(766)] Could not load cef_extensions.pak
[1109/213529:ERROR:main_delegate.cc(766)] Could not load cef_extensions.pak
[1109/213529:ERROR:backend_impl.cc(2030)] Invalid cache (current) size
[1109/213529:ERROR:cache_util_win.cc(20)] Unable to move the cache: 5
[1109/213529:ERROR:cache_util.cc(134)] Unable to move cache folder Cache to old_Cache_000
[1109/213529:ERROR:cache_creator.cc(129)] Unable to create cache
[1110/173952:ERROR:main_delegate.cc(766)] Could not load cef_extensions.pak
[1110/173953:ERROR:main_delegate.cc(766)] Could not load cef_extensions.pak
[1110/173956:ERROR:main_delegate.cc(766)] Could not load cef_extensions.pak
[1110/173956:ERROR:backend_impl.cc(2030)] Invalid cache (current) size
[1110/173956:ERROR:cache_util_win.cc(20)] Unable to move the cache: 5
[1110/173956:ERROR:cache_util.cc(134)] Unable to move cache folder Cache to old_Cache_000
[1110/173956:ERROR:cache_creator.cc(129)] Unable to create cache
[0607/145838:ERROR:main_delegate.cc(766)] Could not load cef_extensions.pak
[0607/145839:ERROR:main_delegate.cc(766)] Could not load cef_extensions.pak
[0828/132706:ERROR:main_delegate.cc(766)] Could not load cef_extensions.pak
[0828/132707:ERROR:main_delegate.cc(766)] Could not load cef_extensions.pak
